2023-05-11 23:15:50,461 [Worker-4: Loading available Gradle versions] INFO  o.e.b.c.i.u.g.PublishedGradleVersions - Gradle version information cache is out-of-date. Trying to update.
2023-05-11 23:15:53,839 [Worker-4: Loading available Gradle versions] ERROR o.e.b.c.i.u.g.PublishedGradleVersions - Cannot write Gradle version information cache file.
java.io.FileNotFoundException: C:\Users\abhishek\.cache\tooling\gradle\versions.json (Access is denied)
	at java.base/java.io.FileOutputStream.open0(Native Method) ~[na:na]
	at java.base/java.io.FileOutputStream.open(FileOutputStream.java:293) ~[na:na]
	at java.base/java.io.FileOutputStream.<init>(FileOutputStream.java:235) ~[na:na]
	at com.google.common.io.Files$FileByteSink.openStream(Files.java:193) ~[na:na]
	at com.google.common.io.Files$FileByteSink.openStream(Files.java:181) ~[na:na]
	at com.google.common.io.ByteSink$AsCharSink.openStream(ByteSink.java:149) ~[na:na]
	at com.google.common.io.CharSource$StringCharSource.copyTo(CharSource.java:648) ~[na:na]
	at org.eclipse.buildship.core.internal.util.gradle.PublishedGradleVersions.storeCacheVersionsFile(PublishedGradleVersions.java:184) ~[na:na]
	at org.eclipse.buildship.core.internal.util.gradle.PublishedGradleVersions.tryToDownloadAndCacheVersions(PublishedGradleVersions.java:150) ~[na:na]
	at org.eclipse.buildship.core.internal.util.gradle.PublishedGradleVersions.tryToUpdateOutdatedVersionsFile(PublishedGradleVersions.java:133) ~[na:na]
	at org.eclipse.buildship.core.internal.util.gradle.PublishedGradleVersions.create(PublishedGradleVersions.java:117) ~[na:na]
	at org.eclipse.buildship.core.internal.util.gradle.PublishedGradleVersionsWrapper$LoadVersionsJob.run(PublishedGradleVersionsWrapper.java:60) ~[na:na]
	at org.eclipse.core.internal.jobs.Worker.run(Worker.java:63) ~[org.eclipse.core.jobs_3.13.100.v20220817-1539.jar:na]
2023-05-13 09:59:11,422 [Worker-5: Loading available Gradle versions] INFO  o.e.b.c.i.u.g.PublishedGradleVersions - Gradle version information cache is out-of-date. Trying to update.
2023-05-13 09:59:16,407 [Worker-5: Loading available Gradle versions] ERROR o.e.b.c.i.u.g.PublishedGradleVersions - Cannot write Gradle version information cache file.
java.io.FileNotFoundException: C:\Users\abhishek\.cache\tooling\gradle\versions.json (Access is denied)
	at java.base/java.io.FileOutputStream.open0(Native Method) ~[na:na]
	at java.base/java.io.FileOutputStream.open(FileOutputStream.java:293) ~[na:na]
	at java.base/java.io.FileOutputStream.<init>(FileOutputStream.java:235) ~[na:na]
	at com.google.common.io.Files$FileByteSink.openStream(Files.java:193) ~[na:na]
	at com.google.common.io.Files$FileByteSink.openStream(Files.java:181) ~[na:na]
	at com.google.common.io.ByteSink$AsCharSink.openStream(ByteSink.java:149) ~[na:na]
	at com.google.common.io.CharSource$StringCharSource.copyTo(CharSource.java:648) ~[na:na]
	at org.eclipse.buildship.core.internal.util.gradle.PublishedGradleVersions.storeCacheVersionsFile(PublishedGradleVersions.java:184) ~[na:na]
	at org.eclipse.buildship.core.internal.util.gradle.PublishedGradleVersions.tryToDownloadAndCacheVersions(PublishedGradleVersions.java:150) ~[na:na]
	at org.eclipse.buildship.core.internal.util.gradle.PublishedGradleVersions.tryToUpdateOutdatedVersionsFile(PublishedGradleVersions.java:133) ~[na:na]
	at org.eclipse.buildship.core.internal.util.gradle.PublishedGradleVersions.create(PublishedGradleVersions.java:117) ~[na:na]
	at org.eclipse.buildship.core.internal.util.gradle.PublishedGradleVersionsWrapper$LoadVersionsJob.run(PublishedGradleVersionsWrapper.java:60) ~[na:na]
	at org.eclipse.core.internal.jobs.Worker.run(Worker.java:63) ~[org.eclipse.core.jobs_3.13.100.v20220817-1539.jar:na]
